\BOOKMARK [0][-]{chapter.1}{Introdu\347\343o}{}% 1
\BOOKMARK [1][-]{section.1.1}{Objetivos}{chapter.1}% 2
\BOOKMARK [1][-]{section.1.2}{Motiva\347\365es}{chapter.1}% 3
\BOOKMARK [1][-]{section.1.3}{Organiza\347\343o do texto}{chapter.1}% 4
\BOOKMARK [0][-]{chapter.2}{Caracteriza\347\343o da rede el\351trica nacional}{}% 5
\BOOKMARK [1][-]{section.2.1}{An\341lise da rede el\351trica nacional}{chapter.2}% 6
\BOOKMARK [1][-]{section.2.2}{Caracteriza\347\343o das centrais}{chapter.2}% 7
\BOOKMARK [1][-]{section.2.3}{Caracteriza\347\343o da RNT}{chapter.2}% 8
\BOOKMARK [1][-]{section.2.4}{Perfil de produ\347\343o nacional}{chapter.2}% 9
\BOOKMARK [1][-]{section.2.5}{Perfil de Consumo Nacional}{chapter.2}% 10
\BOOKMARK [0][-]{chapter.3}{Cen\341rios Proposto}{}% 11
\BOOKMARK [1][-]{section.3.1}{Cen\341rio 1}{chapter.3}% 12
\BOOKMARK [2][-]{subsection.3.1.1}{Anterior \340 modifica\347\343o}{section.3.1}% 13
\BOOKMARK [2][-]{subsection.3.1.2}{An\341lise do impacto da modifica\347\343o}{section.3.1}% 14
\BOOKMARK [3][-]{subsubsection.3.1.2.1}{Analisar geradores}{subsection.3.1.2}% 15
\BOOKMARK [3][-]{subsubsection.3.1.2.2}{An\341lise das linhas}{subsection.3.1.2}% 16
\BOOKMARK [3][-]{subsubsection.3.1.2.3}{An\341lise dos barramentos}{subsection.3.1.2}% 17
\BOOKMARK [3][-]{subsubsection.3.1.2.4}{An\341lise da interliga\347\343o com a Espanha}{subsection.3.1.2}% 18
\BOOKMARK [1][-]{section.3.2}{Cen\341rio 2}{chapter.3}% 19
\BOOKMARK [2][-]{subsection.3.2.1}{Anterior \340 modifica\347\343o}{section.3.2}% 20
\BOOKMARK [2][-]{subsection.3.2.2}{An\341lise do impacto da modifica\347\343o}{section.3.2}% 21
\BOOKMARK [3][-]{subsubsection.3.2.2.1}{An\341lise global}{subsection.3.2.2}% 22
\BOOKMARK [3][-]{subsubsection.3.2.2.2}{Analisar geradores}{subsection.3.2.2}% 23
\BOOKMARK [3][-]{subsubsection.3.2.2.3}{An\341lise das linhas}{subsection.3.2.2}% 24
\BOOKMARK [3][-]{subsubsection.3.2.2.4}{An\341lise dos barramentos}{subsection.3.2.2}% 25
\BOOKMARK [3][-]{subsubsection.3.2.2.5}{An\341lise da interliga\347\343o com a Espanha}{subsection.3.2.2}% 26
\BOOKMARK [0][-]{chapter.4}{Conclus\343o}{}% 27
